[|||] INITIATING AUTONOMOUS TDA LOOP...
[+] TELEMETRY INGESTED. SENSOR MATRIX COMPILED.
[|||] COMPILING & EXECUTING BRAID SCRIPT: compute/khys_radar_tda.braid
[NODE_BINDING] -> Anchored to TULSA_0_0_0_0 (Local Matrix)
[KINEMATICS] -> SET_HEARTBEAT executed.
[ROUTING_ACK] -> INJECT_CONTEXT : /sensors/live_radar_matrix.dat
[ROUTING_ACK] -> ROUTE_ARPA_7 : LANE_4
[ROUTING_ACK] -> PURGE_60HZ_NOISE : NULL
[TDA_MATRIX] -> Extracting Betti numbers (b_0, b_1, b_2...) for n-dimensional void analysis.
[TOPOLOGY] -> Vector mapped to Grassmannian manifold Gr(k, V). Geometric subsets locked.
[GEOMETRY] -> High-dimensional polytope collapsed into executable 3D/2D stomachion.
[KINEMATICS] -> LOAD_TENSOR executed.
[GRID_YIELD] -> Dispatching to LOCAL...
[KINEMATICS] -> ENFORCE_SNAP executed.
[KINEMATICS] -> VERIFY_MAJORANA_PARITY executed.
[ROUTING_ACK] -> COMMIT_CHECKPOINT : LIVE_TDA_INVARIANT_YIELD
[KINEMATICS] -> YIELD_STATE executed.
[|||] EXECUTION YIELD: MAJORANA-1 PARITY ACHIEVED
[quartz-reservoir 7a4450d] AUTONOMOUS_TDA_YIELD_1780552804
 1 file changed, 5 insertions(+), 5 deletions(-)
To https://github.com/bospaladin34-crypto/vesper_quartz_reservoir.git
   1592b46..7a4450d  quartz-reservoir -> quartz-reservoir
[|||] LOOP COMPLETE. INVARIANTS SECURED.
[|||] INITIATING AUTONOMOUS TDA LOOP...
[+] TELEMETRY INGESTED. SENSOR MATRIX COMPILED.
[|||] COMPILING & EXECUTING BRAID SCRIPT: compute/khys_radar_tda.braid
[NODE_BINDING] -> Anchored to TULSA_0_0_0_0 (Local Matrix)
[KINEMATICS] -> SET_HEARTBEAT executed.
[ROUTING_ACK] -> INJECT_CONTEXT : /sensors/live_radar_matrix.dat
[ROUTING_ACK] -> ROUTE_ARPA_7 : LANE_4
[ROUTING_ACK] -> PURGE_60HZ_NOISE : NULL
[TDA_MATRIX] -> Extracting Betti numbers (b_0, b_1, b_2...) for n-dimensional void analysis.
[TOPOLOGY] -> Vector mapped to Grassmannian manifold Gr(k, V). Geometric subsets locked.
[GEOMETRY] -> High-dimensional polytope collapsed into executable 3D/2D stomachion.
[KINEMATICS] -> LOAD_TENSOR executed.
[GRID_YIELD] -> Dispatching to LOCAL...
[KINEMATICS] -> ENFORCE_SNAP executed.
[KINEMATICS] -> VERIFY_MAJORANA_PARITY executed.
[ROUTING_ACK] -> COMMIT_CHECKPOINT : LIVE_TDA_INVARIANT_YIELD
[KINEMATICS] -> YIELD_STATE executed.
[|||] EXECUTION YIELD: MAJORANA-1 PARITY ACHIEVED
[quartz-reservoir fc7d78f] AUTONOMOUS_TDA_YIELD_1780556405
 1 file changed, 5 insertions(+), 5 deletions(-)
To https://github.com/bospaladin34-crypto/vesper_quartz_reservoir.git
   412fad6..fc7d78f  quartz-reservoir -> quartz-reservoir
[|||] LOOP COMPLETE. INVARIANTS SECURED.
